Copyright 1986-2020 Xilinx, Inc. All Rights Reserved.
-----------------------------------------------------------------------------------------------------------------------------------------------
| Tool Version : Vivado v.2020.2 (win64) Build 3064766 Wed Nov 18 09:12:45 MST 2020
| Date         : Fri Aug  6 13:39:18 2021
| Host         : DESKTOP-JMFHVJF running 64-bit major release  (build 9200)
| Command      : report_methodology -file top_methodology_drc_routed.rpt -pb top_methodology_drc_routed.pb -rpx top_methodology_drc_routed.rpx
| Design       : top
| Device       : xc7a100tcsg324-1
| Speed File   : -1
| Design State : Fully Routed
-----------------------------------------------------------------------------------------------------------------------------------------------

Report Methodology

Table of Contents
-----------------
1. REPORT SUMMARY
2. REPORT DETAILS

1. REPORT SUMMARY
-----------------
            Netlist: netlist
          Floorplan: design_1
      Design limits: <entire design considered>
             Max violations: <unlimited>
             Violations found: 41
+-----------+------------------+------------------------------------------------------------------+------------+
| Rule      | Severity         | Description                                                      | Violations |
+-----------+------------------+------------------------------------------------------------------+------------+
| TIMING-6  | Critical Warning | No common primary clock between related clocks                   | 2          |
| TIMING-20 | Warning          | Non-clocked latch                                                | 37         |
| TIMING-56 | Warning          | Missing logically or physically excluded clock groups constraint | 2          |
+-----------+------------------+------------------------------------------------------------------+------------+

2. REPORT DETAILS
-----------------
TIMING-6#1 Critical Warning
No common primary clock between related clocks  
The clocks clk_cpu_clk_wiz_0 and clk_cpu_clk_wiz_0_1 are related (timed together) but they have no common primary clock. The design could fail in hardware. To find a timing path between these clocks, run the following command: report_timing -from [get_clocks clk_cpu_clk_wiz_0] -to [get_clocks clk_cpu_clk_wiz_0_1]
Related violations: <none>

TIMING-6#2 Critical Warning
No common primary clock between related clocks  
The clocks clk_cpu_clk_wiz_0_1 and clk_cpu_clk_wiz_0 are related (timed together) but they have no common primary clock. The design could fail in hardware. To find a timing path between these clocks, run the following command: report_timing -from [get_clocks clk_cpu_clk_wiz_0_1] -to [get_clocks clk_cpu_clk_wiz_0]
Related violations: <none>

TIMING-20#1 Warning
Non-clocked latch  
The latch cpu/axi_interconnect/axi_slave_1/FSM_onehot_read_state_next_reg[0] cannot be properly analyzed as its control pin cpu/axi_interconnect/axi_slave_1/FSM_onehot_read_state_next_reg[0]/G is not reached by a timing clock
Related violations: <none>

TIMING-20#2 Warning
Non-clocked latch  
The latch cpu/axi_interconnect/axi_slave_1/FSM_onehot_read_state_next_reg[1] cannot be properly analyzed as its control pin cpu/axi_interconnect/axi_slave_1/FSM_onehot_read_state_next_reg[1]/G is not reached by a timing clock
Related violations: <none>

TIMING-20#3 Warning
Non-clocked latch  
The latch cpu/axi_interconnect/axi_slave_1/FSM_onehot_read_state_next_reg[2] cannot be properly analyzed as its control pin cpu/axi_interconnect/axi_slave_1/FSM_onehot_read_state_next_reg[2]/G is not reached by a timing clock
Related violations: <none>

TIMING-20#4 Warning
Non-clocked latch  
The latch cpu/core_1/core_pipeline/stage_execute/alu/i_barrel_shifter_airth_reg cannot be properly analyzed as its control pin cpu/core_1/core_pipeline/stage_execute/alu/i_barrel_shifter_airth_reg/G is not reached by a timing clock
Related violations: <none>

TIMING-20#5 Warning
Non-clocked latch  
The latch cpu/core_1/core_pipeline/stage_execute/alu/i_barrel_shifter_direction_reg cannot be properly analyzed as its control pin cpu/core_1/core_pipeline/stage_execute/alu/i_barrel_shifter_direction_reg/G is not reached by a timing clock
Related violations: <none>

TIMING-20#6 Warning
Non-clocked latch  
The latch cpu/core_1/core_pipeline/stage_execute/alu/result_reg[0] cannot be properly analyzed as its control pin cpu/core_1/core_pipeline/stage_execute/alu/result_reg[0]/G is not reached by a timing clock
Related violations: <none>

TIMING-20#7 Warning
Non-clocked latch  
The latch cpu/core_1/core_pipeline/stage_execute/alu/result_reg[10] cannot be properly analyzed as its control pin cpu/core_1/core_pipeline/stage_execute/alu/result_reg[10]/G is not reached by a timing clock
Related violations: <none>

TIMING-20#8 Warning
Non-clocked latch  
The latch cpu/core_1/core_pipeline/stage_execute/alu/result_reg[11] cannot be properly analyzed as its control pin cpu/core_1/core_pipeline/stage_execute/alu/result_reg[11]/G is not reached by a timing clock
Related violations: <none>

TIMING-20#9 Warning
Non-clocked latch  
The latch cpu/core_1/core_pipeline/stage_execute/alu/result_reg[12] cannot be properly analyzed as its control pin cpu/core_1/core_pipeline/stage_execute/alu/result_reg[12]/G is not reached by a timing clock
Related violations: <none>

TIMING-20#10 Warning
Non-clocked latch  
The latch cpu/core_1/core_pipeline/stage_execute/alu/result_reg[13] cannot be properly analyzed as its control pin cpu/core_1/core_pipeline/stage_execute/alu/result_reg[13]/G is not reached by a timing clock
Related violations: <none>

TIMING-20#11 Warning
Non-clocked latch  
The latch cpu/core_1/core_pipeline/stage_execute/alu/result_reg[14] cannot be properly analyzed as its control pin cpu/core_1/core_pipeline/stage_execute/alu/result_reg[14]/G is not reached by a timing clock
Related violations: <none>

TIMING-20#12 Warning
Non-clocked latch  
The latch cpu/core_1/core_pipeline/stage_execute/alu/result_reg[15] cannot be properly analyzed as its control pin cpu/core_1/core_pipeline/stage_execute/alu/result_reg[15]/G is not reached by a timing clock
Related violations: <none>

TIMING-20#13 Warning
Non-clocked latch  
The latch cpu/core_1/core_pipeline/stage_execute/alu/result_reg[16] cannot be properly analyzed as its control pin cpu/core_1/core_pipeline/stage_execute/alu/result_reg[16]/G is not reached by a timing clock
Related violations: <none>

TIMING-20#14 Warning
Non-clocked latch  
The latch cpu/core_1/core_pipeline/stage_execute/alu/result_reg[17] cannot be properly analyzed as its control pin cpu/core_1/core_pipeline/stage_execute/alu/result_reg[17]/G is not reached by a timing clock
Related violations: <none>

TIMING-20#15 Warning
Non-clocked latch  
The latch cpu/core_1/core_pipeline/stage_execute/alu/result_reg[18] cannot be properly analyzed as its control pin cpu/core_1/core_pipeline/stage_execute/alu/result_reg[18]/G is not reached by a timing clock
Related violations: <none>

TIMING-20#16 Warning
Non-clocked latch  
The latch cpu/core_1/core_pipeline/stage_execute/alu/result_reg[19] cannot be properly analyzed as its control pin cpu/core_1/core_pipeline/stage_execute/alu/result_reg[19]/G is not reached by a timing clock
Related violations: <none>

TIMING-20#17 Warning
Non-clocked latch  
The latch cpu/core_1/core_pipeline/stage_execute/alu/result_reg[1] cannot be properly analyzed as its control pin cpu/core_1/core_pipeline/stage_execute/alu/result_reg[1]/G is not reached by a timing clock
Related violations: <none>

TIMING-20#18 Warning
Non-clocked latch  
The latch cpu/core_1/core_pipeline/stage_execute/alu/result_reg[20] cannot be properly analyzed as its control pin cpu/core_1/core_pipeline/stage_execute/alu/result_reg[20]/G is not reached by a timing clock
Related violations: <none>

TIMING-20#19 Warning
Non-clocked latch  
The latch cpu/core_1/core_pipeline/stage_execute/alu/result_reg[21] cannot be properly analyzed as its control pin cpu/core_1/core_pipeline/stage_execute/alu/result_reg[21]/G is not reached by a timing clock
Related violations: <none>

TIMING-20#20 Warning
Non-clocked latch  
The latch cpu/core_1/core_pipeline/stage_execute/alu/result_reg[22] cannot be properly analyzed as its control pin cpu/core_1/core_pipeline/stage_execute/alu/result_reg[22]/G is not reached by a timing clock
Related violations: <none>

TIMING-20#21 Warning
Non-clocked latch  
The latch cpu/core_1/core_pipeline/stage_execute/alu/result_reg[23] cannot be properly analyzed as its control pin cpu/core_1/core_pipeline/stage_execute/alu/result_reg[23]/G is not reached by a timing clock
Related violations: <none>

TIMING-20#22 Warning
Non-clocked latch  
The latch cpu/core_1/core_pipeline/stage_execute/alu/result_reg[24] cannot be properly analyzed as its control pin cpu/core_1/core_pipeline/stage_execute/alu/result_reg[24]/G is not reached by a timing clock
Related violations: <none>

TIMING-20#23 Warning
Non-clocked latch  
The latch cpu/core_1/core_pipeline/stage_execute/alu/result_reg[25] cannot be properly analyzed as its control pin cpu/core_1/core_pipeline/stage_execute/alu/result_reg[25]/G is not reached by a timing clock
Related violations: <none>

TIMING-20#24 Warning
Non-clocked latch  
The latch cpu/core_1/core_pipeline/stage_execute/alu/result_reg[26] cannot be properly analyzed as its control pin cpu/core_1/core_pipeline/stage_execute/alu/result_reg[26]/G is not reached by a timing clock
Related violations: <none>

TIMING-20#25 Warning
Non-clocked latch  
The latch cpu/core_1/core_pipeline/stage_execute/alu/result_reg[27] cannot be properly analyzed as its control pin cpu/core_1/core_pipeline/stage_execute/alu/result_reg[27]/G is not reached by a timing clock
Related violations: <none>

TIMING-20#26 Warning
Non-clocked latch  
The latch cpu/core_1/core_pipeline/stage_execute/alu/result_reg[28] cannot be properly analyzed as its control pin cpu/core_1/core_pipeline/stage_execute/alu/result_reg[28]/G is not reached by a timing clock
Related violations: <none>

TIMING-20#27 Warning
Non-clocked latch  
The latch cpu/core_1/core_pipeline/stage_execute/alu/result_reg[29] cannot be properly analyzed as its control pin cpu/core_1/core_pipeline/stage_execute/alu/result_reg[29]/G is not reached by a timing clock
Related violations: <none>

TIMING-20#28 Warning
Non-clocked latch  
The latch cpu/core_1/core_pipeline/stage_execute/alu/result_reg[2] cannot be properly analyzed as its control pin cpu/core_1/core_pipeline/stage_execute/alu/result_reg[2]/G is not reached by a timing clock
Related violations: <none>

TIMING-20#29 Warning
Non-clocked latch  
The latch cpu/core_1/core_pipeline/stage_execute/alu/result_reg[30] cannot be properly analyzed as its control pin cpu/core_1/core_pipeline/stage_execute/alu/result_reg[30]/G is not reached by a timing clock
Related violations: <none>

TIMING-20#30 Warning
Non-clocked latch  
The latch cpu/core_1/core_pipeline/stage_execute/alu/result_reg[31] cannot be properly analyzed as its control pin cpu/core_1/core_pipeline/stage_execute/alu/result_reg[31]/G is not reached by a timing clock
Related violations: <none>

TIMING-20#31 Warning
Non-clocked latch  
The latch cpu/core_1/core_pipeline/stage_execute/alu/result_reg[3] cannot be properly analyzed as its control pin cpu/core_1/core_pipeline/stage_execute/alu/result_reg[3]/G is not reached by a timing clock
Related violations: <none>

TIMING-20#32 Warning
Non-clocked latch  
The latch cpu/core_1/core_pipeline/stage_execute/alu/result_reg[4] cannot be properly analyzed as its control pin cpu/core_1/core_pipeline/stage_execute/alu/result_reg[4]/G is not reached by a timing clock
Related violations: <none>

TIMING-20#33 Warning
Non-clocked latch  
The latch cpu/core_1/core_pipeline/stage_execute/alu/result_reg[5] cannot be properly analyzed as its control pin cpu/core_1/core_pipeline/stage_execute/alu/result_reg[5]/G is not reached by a timing clock
Related violations: <none>

TIMING-20#34 Warning
Non-clocked latch  
The latch cpu/core_1/core_pipeline/stage_execute/alu/result_reg[6] cannot be properly analyzed as its control pin cpu/core_1/core_pipeline/stage_execute/alu/result_reg[6]/G is not reached by a timing clock
Related violations: <none>

TIMING-20#35 Warning
Non-clocked latch  
The latch cpu/core_1/core_pipeline/stage_execute/alu/result_reg[7] cannot be properly analyzed as its control pin cpu/core_1/core_pipeline/stage_execute/alu/result_reg[7]/G is not reached by a timing clock
Related violations: <none>

TIMING-20#36 Warning
Non-clocked latch  
The latch cpu/core_1/core_pipeline/stage_execute/alu/result_reg[8] cannot be properly analyzed as its control pin cpu/core_1/core_pipeline/stage_execute/alu/result_reg[8]/G is not reached by a timing clock
Related violations: <none>

TIMING-20#37 Warning
Non-clocked latch  
The latch cpu/core_1/core_pipeline/stage_execute/alu/result_reg[9] cannot be properly analyzed as its control pin cpu/core_1/core_pipeline/stage_execute/alu/result_reg[9]/G is not reached by a timing clock
Related violations: <none>

TIMING-56#1 Warning
Missing logically or physically excluded clock groups constraint  
Multiple clocks are user generated or auto-derived on the source pin your_instance_name/inst/mmcm_adv_inst/CLKFBOUT but are not logically or physically exclusive with respect to one another. To have the static timing analysis match the behavior in hardware, there cannot be multiple clocks generated on the same pin and when such situation occurs, the clocks should be defined as physically or logically exclusive. The list of clocks generated on the source pin is: clkfbout_clk_wiz_0, clkfbout_clk_wiz_0_1
Related violations: <none>

TIMING-56#2 Warning
Missing logically or physically excluded clock groups constraint  
Multiple clocks are user generated or auto-derived on the source pin your_instance_name/inst/mmcm_adv_inst/CLKOUT0 but are not logically or physically exclusive with respect to one another. To have the static timing analysis match the behavior in hardware, there cannot be multiple clocks generated on the same pin and when such situation occurs, the clocks should be defined as physically or logically exclusive. The list of clocks generated on the source pin is: clk_cpu_clk_wiz_0, clk_cpu_clk_wiz_0_1
Related violations: <none>


